This file contains any messages produced by compilers while
running configure, to aid debugging if configure makes a mistake.

It was created by ibus-kmfl configure 1.0.5, which was
generated by GNU Autoconf 2.67.  Invocation command line was

  $ ./configure --build=i686-linux-gnu --prefix=/usr --includedir=${prefix}/include --mandir=${prefix}/share/man --infodir=${prefix}/share/info --sysconfdir=/etc --localstatedir=/var --libexecdir=${prefix}/lib/ibus-kmfl --disable-maintainer-mode --disable-dependency-tracking LDFLAGS=-Wl,--as-needed

## --------- ##
## Platform. ##
## --------- ##

hostname = oneiric
uname -m = i686
uname -r = 3.0.0-11-generic
uname -s = Linux
uname -v = #18-Ubuntu SMP Tue Sep 13 23:29:47 UTC 2011

/usr/bin/uname -p = unknown
/bin/uname -X     = unknown

/bin/arch              = unknown
/usr/bin/arch -k       = unknown
/usr/convex/getsysinfo = unknown
/usr/bin/hostinfo      = unknown
/bin/machine           = unknown
/usr/bin/oslevel       = unknown
/bin/universe          = unknown

PATH: /usr/lib/lightdm/lightdm
PATH: /usr/local/sbin
PATH: /usr/local/bin
PATH: /usr/sbin
PATH: /usr/bin
PATH: /sbin
PATH: /bin
PATH: /usr/games


## ----------- ##
## Core tests. ##
## ----------- ##

configure:2534: checking for a BSD-compatible install
configure:2602: result: /usr/bin/install -c
configure:2613: checking whether build environment is sane
configure:2663: result: yes
configure:2804: checking for a thread-safe mkdir -p
configure:2843: result: /bin/mkdir -p
configure:2856: checking for gawk
configure:2886: result: no
configure:2856: checking for mawk
configure:2872: found /usr/bin/mawk
configure:2883: result: mawk
configure:2894: checking whether make sets $(MAKE)
configure:2916: result: yes
configure:3008: checking for style of include used by make
configure:3036: result: GNU
configure:3106: checking for gcc
configure:3122: found /usr/bin/gcc
configure:3133: result: gcc
configure:3362: checking for C compiler version
configure:3371: gcc --version >&5
gcc (Ubuntu/Linaro 4.6.1-9ubuntu3) 4.6.1
Copyright (C) 2011 Free Software Foundation, Inc.
This is free software; see the source for copying conditions.  There is NO
warranty; not even for MERCHANTABILITY or FITNESS FOR A PARTICULAR PURPOSE.

configure:3382: $? = 0
configure:3371: gcc -v >&5
Using built-in specs.
COLLECT_GCC=gcc
COLLECT_LTO_WRAPPER=/usr/lib/gcc/i686-linux-gnu/4.6.1/lto-wrapper
Target: i686-linux-gnu
Configured with: ../src/configure -v --with-pkgversion='Ubuntu/Linaro 4.6.1-9ubuntu3' --with-bugurl=file:///usr/share/doc/gcc-4.6/README.Bugs --enable-languages=c,c++,fortran,objc,obj-c++,go --prefix=/usr --program-suffix=-4.6 --enable-shared --enable-linker-build-id --with-system-zlib --libexecdir=/usr/lib --without-included-gettext --enable-threads=posix --with-gxx-include-dir=/usr/include/c++/4.6 --libdir=/usr/lib --enable-nls --with-sysroot=/ --enable-clocale=gnu --enable-libstdcxx-debug --enable-libstdcxx-time=yes --enable-plugin --enable-objc-gc --enable-targets=all --disable-werror --with-arch-32=i686 --with-tune=generic --enable-checking=release --build=i686-linux-gnu --host=i686-linux-gnu --target=i686-linux-gnu
Thread model: posix
gcc version 4.6.1 (Ubuntu/Linaro 4.6.1-9ubuntu3) 
configure:3382: $? = 0
configure:3371: gcc -V >&5
gcc: error: unrecognized option '-V'
gcc: fatal error: no input files
compilation terminated.
configure:3382: $? = 4
configure:3371: gcc -qversion >&5
gcc: error: unrecognized option '-qversion'
gcc: fatal error: no input files
compilation terminated.
configure:3382: $? = 4
configure:3402: checking whether the C compiler works
configure:3424: gcc -g -O2  -Wl,--as-needed conftest.c  >&5
configure:3428: $? = 0
configure:3476: result: yes
configure:3479: checking for C compiler default output file name
configure:3481: result: a.out
configure:3487: checking for suffix of executables
configure:3494: gcc -o conftest -g -O2  -Wl,--as-needed conftest.c  >&5
configure:3498: $? = 0
configure:3520: result: 
configure:3542: checking whether we are cross compiling
configure:3550: gcc -o conftest -g -O2  -Wl,--as-needed conftest.c  >&5
configure:3554: $? = 0
configure:3561: ./conftest
configure:3565: $? = 0
configure:3580: result: no
configure:3585: checking for suffix of object files
configure:3607: gcc -c -g -O2  conftest.c >&5
configure:3611: $? = 0
configure:3632: result: o
configure:3636: checking whether we are using the GNU C compiler
configure:3655: gcc -c -g -O2  conftest.c >&5
configure:3655: $? = 0
configure:3664: result: yes
configure:3673: checking whether gcc accepts -g
configure:3693: gcc -c -g  conftest.c >&5
configure:3693: $? = 0
configure:3734: result: yes
configure:3751: checking for gcc option to accept ISO C89
configure:3815: gcc  -c -g -O2  conftest.c >&5
configure:3815: $? = 0
configure:3828: result: none needed
configure:3850: checking dependency style of gcc
configure:3960: result: none
configure:3981: checking how to run the C preprocessor
configure:4012: gcc -E  conftest.c
configure:4012: $? = 0
configure:4026: gcc -E  conftest.c
conftest.c:11:28: fatal error: ac_nonexistent.h: No such file or directory
compilation terminated.
configure:4026: $? = 1
configure: failed program was:
| /* confdefs.h */
| #define PACKAGE_NAME "ibus-kmfl"
| #define PACKAGE_TARNAME "ibus-kmfl"
| #define PACKAGE_VERSION "1.0.5"
| #define PACKAGE_STRING "ibus-kmfl 1.0.5"
| #define PACKAGE_BUGREPORT "http://code.google.com/p/ibus/issues/entry"
| #define PACKAGE_URL ""
| #define PACKAGE "ibus-kmfl"
| #define VERSION "1.0.5"
| /* end confdefs.h.  */
| #include <ac_nonexistent.h>
configure:4051: result: gcc -E
configure:4071: gcc -E  conftest.c
configure:4071: $? = 0
configure:4085: gcc -E  conftest.c
conftest.c:11:28: fatal error: ac_nonexistent.h: No such file or directory
compilation terminated.
configure:4085: $? = 1
configure: failed program was:
| /* confdefs.h */
| #define PACKAGE_NAME "ibus-kmfl"
| #define PACKAGE_TARNAME "ibus-kmfl"
| #define PACKAGE_VERSION "1.0.5"
| #define PACKAGE_STRING "ibus-kmfl 1.0.5"
| #define PACKAGE_BUGREPORT "http://code.google.com/p/ibus/issues/entry"
| #define PACKAGE_URL ""
| #define PACKAGE "ibus-kmfl"
| #define VERSION "1.0.5"
| /* end confdefs.h.  */
| #include <ac_nonexistent.h>
configure:4114: checking for grep that handles long lines and -e
configure:4172: result: /bin/grep
configure:4177: checking for egrep
configure:4239: result: /bin/grep -E
configure:4244: checking for ANSI C header files
configure:4264: gcc -c -g -O2  conftest.c >&5
configure:4264: $? = 0
configure:4337: gcc -o conftest -g -O2  -Wl,--as-needed conftest.c  >&5
configure:4337: $? = 0
configure:4337: ./conftest
configure:4337: $? = 0
configure:4348: result: yes
configure:4361: checking for sys/types.h
configure:4361: gcc -c -g -O2  conftest.c >&5
configure:4361: $? = 0
configure:4361: result: yes
configure:4361: checking for sys/stat.h
configure:4361: gcc -c -g -O2  conftest.c >&5
configure:4361: $? = 0
configure:4361: result: yes
configure:4361: checking for stdlib.h
configure:4361: gcc -c -g -O2  conftest.c >&5
configure:4361: $? = 0
configure:4361: result: yes
configure:4361: checking for string.h
configure:4361: gcc -c -g -O2  conftest.c >&5
configure:4361: $? = 0
configure:4361: result: yes
configure:4361: checking for memory.h
configure:4361: gcc -c -g -O2  conftest.c >&5
configure:4361: $? = 0
configure:4361: result: yes
configure:4361: checking for strings.h
configure:4361: gcc -c -g -O2  conftest.c >&5
configure:4361: $? = 0
configure:4361: result: yes
configure:4361: checking for inttypes.h
configure:4361: gcc -c -g -O2  conftest.c >&5
configure:4361: $? = 0
configure:4361: result: yes
configure:4361: checking for stdint.h
configure:4361: gcc -c -g -O2  conftest.c >&5
configure:4361: $? = 0
configure:4361: result: yes
configure:4361: checking for unistd.h
configure:4361: gcc -c -g -O2  conftest.c >&5
configure:4361: $? = 0
configure:4361: result: yes
configure:4374: checking minix/config.h usability
configure:4374: gcc -c -g -O2  conftest.c >&5
conftest.c:54:26: fatal error: minix/config.h: No such file or directory
compilation terminated.
configure:4374: $? = 1
configure: failed program was:
| /* confdefs.h */
| #define PACKAGE_NAME "ibus-kmfl"
| #define PACKAGE_TARNAME "ibus-kmfl"
| #define PACKAGE_VERSION "1.0.5"
| #define PACKAGE_STRING "ibus-kmfl 1.0.5"
| #define PACKAGE_BUGREPORT "http://code.google.com/p/ibus/issues/entry"
| #define PACKAGE_URL ""
| #define PACKAGE "ibus-kmfl"
| #define VERSION "1.0.5"
| #define STDC_HEADERS 1
| #define HAVE_SYS_TYPES_H 1
| #define HAVE_SYS_STAT_H 1
| #define HAVE_STDLIB_H 1
| #define HAVE_STRING_H 1
| #define HAVE_MEMORY_H 1
| #define HAVE_STRINGS_H 1
| #define HAVE_INTTYPES_H 1
| #define HAVE_STDINT_H 1
| #define HAVE_UNISTD_H 1
| /* end confdefs.h.  */
| #include <stdio.h>
| #ifdef HAVE_SYS_TYPES_H
| # include <sys/types.h>
| #endif
| #ifdef HAVE_SYS_STAT_H
| # include <sys/stat.h>
| #endif
| #ifdef STDC_HEADERS
| # include <stdlib.h>
| # include <stddef.h>
| #else
| # ifdef HAVE_STDLIB_H
| #  include <stdlib.h>
| # endif
| #endif
| #ifdef HAVE_STRING_H
| # if !defined STDC_HEADERS && defined HAVE_MEMORY_H
| #  include <memory.h>
| # endif
| # include <string.h>
| #endif
| #ifdef HAVE_STRINGS_H
| # include <strings.h>
| #endif
| #ifdef HAVE_INTTYPES_H
| # include <inttypes.h>
| #endif
| #ifdef HAVE_STDINT_H
| # include <stdint.h>
| #endif
| #ifdef HAVE_UNISTD_H
| # include <unistd.h>
| #endif
| #include <minix/config.h>
configure:4374: result: no
configure:4374: checking minix/config.h presence
configure:4374: gcc -E  conftest.c
conftest.c:21:26: fatal error: minix/config.h: No such file or directory
compilation terminated.
configure:4374: $? = 1
configure: failed program was:
| /* confdefs.h */
| #define PACKAGE_NAME "ibus-kmfl"
| #define PACKAGE_TARNAME "ibus-kmfl"
| #define PACKAGE_VERSION "1.0.5"
| #define PACKAGE_STRING "ibus-kmfl 1.0.5"
| #define PACKAGE_BUGREPORT "http://code.google.com/p/ibus/issues/entry"
| #define PACKAGE_URL ""
| #define PACKAGE "ibus-kmfl"
| #define VERSION "1.0.5"
| #define STDC_HEADERS 1
| #define HAVE_SYS_TYPES_H 1
| #define HAVE_SYS_STAT_H 1
| #define HAVE_STDLIB_H 1
| #define HAVE_STRING_H 1
| #define HAVE_MEMORY_H 1
| #define HAVE_STRINGS_H 1
| #define HAVE_INTTYPES_H 1
| #define HAVE_STDINT_H 1
| #define HAVE_UNISTD_H 1
| /* end confdefs.h.  */
| #include <minix/config.h>
configure:4374: result: no
configure:4374: checking for minix/config.h
configure:4374: result: no
configure:4395: checking whether it is safe to define __EXTENSIONS__
configure:4413: gcc -c -g -O2  conftest.c >&5
configure:4413: $? = 0
configure:4420: result: yes
configure:4441: checking whether build environment is sane
configure:4491: result: yes
configure:4494: checking whether to enable maintainer-specific portions of Makefiles
configure:4503: result: no
configure:4595: checking for gcc
configure:4622: result: gcc
configure:4851: checking for C compiler version
configure:4860: gcc --version >&5
gcc (Ubuntu/Linaro 4.6.1-9ubuntu3) 4.6.1
Copyright (C) 2011 Free Software Foundation, Inc.
This is free software; see the source for copying conditions.  There is NO
warranty; not even for MERCHANTABILITY or FITNESS FOR A PARTICULAR PURPOSE.

configure:4871: $? = 0
configure:4860: gcc -v >&5
Using built-in specs.
COLLECT_GCC=gcc
COLLECT_LTO_WRAPPER=/usr/lib/gcc/i686-linux-gnu/4.6.1/lto-wrapper
Target: i686-linux-gnu
Configured with: ../src/configure -v --with-pkgversion='Ubuntu/Linaro 4.6.1-9ubuntu3' --with-bugurl=file:///usr/share/doc/gcc-4.6/README.Bugs --enable-languages=c,c++,fortran,objc,obj-c++,go --prefix=/usr --program-suffix=-4.6 --enable-shared --enable-linker-build-id --with-system-zlib --libexecdir=/usr/lib --without-included-gettext --enable-threads=posix --with-gxx-include-dir=/usr/include/c++/4.6 --libdir=/usr/lib --enable-nls --with-sysroot=/ --enable-clocale=gnu --enable-libstdcxx-debug --enable-libstdcxx-time=yes --enable-plugin --enable-objc-gc --enable-targets=all --disable-werror --with-arch-32=i686 --with-tune=generic --enable-checking=release --build=i686-linux-gnu --host=i686-linux-gnu --target=i686-linux-gnu
Thread model: posix
gcc version 4.6.1 (Ubuntu/Linaro 4.6.1-9ubuntu3) 
configure:4871: $? = 0
configure:4860: gcc -V >&5
gcc: error: unrecognized option '-V'
gcc: fatal error: no input files
compilation terminated.
configure:4871: $? = 4
configure:4860: gcc -qversion >&5
gcc: error: unrecognized option '-qversion'
gcc: fatal error: no input files
compilation terminated.
configure:4871: $? = 4
configure:4875: checking whether we are using the GNU C compiler
configure:4903: result: yes
configure:4912: checking whether gcc accepts -g
configure:4973: result: yes
configure:4990: checking for gcc option to accept ISO C89
configure:5067: result: none needed
configure:5089: checking dependency style of gcc
configure:5199: result: none
configure:5215: checking whether gcc and cc understand -c and -o together
configure:5246: gcc -c conftest.c -o conftest2.o >&5
configure:5250: $? = 0
configure:5256: gcc -c conftest.c -o conftest2.o >&5
configure:5260: $? = 0
configure:5271: cc -c conftest.c >&5
configure:5275: $? = 0
configure:5283: cc -c conftest.c -o conftest2.o >&5
configure:5287: $? = 0
configure:5293: cc -c conftest.c -o conftest2.o >&5
configure:5297: $? = 0
configure:5315: result: yes
configure:5398: checking for g++
configure:5414: found /usr/bin/g++
configure:5425: result: g++
configure:5452: checking for C++ compiler version
configure:5461: g++ --version >&5
g++ (Ubuntu/Linaro 4.6.1-9ubuntu3) 4.6.1
Copyright (C) 2011 Free Software Foundation, Inc.
This is free software; see the source for copying conditions.  There is NO
warranty; not even for MERCHANTABILITY or FITNESS FOR A PARTICULAR PURPOSE.

configure:5472: $? = 0
configure:5461: g++ -v >&5
Using built-in specs.
COLLECT_GCC=g++
COLLECT_LTO_WRAPPER=/usr/lib/gcc/i686-linux-gnu/4.6.1/lto-wrapper
Target: i686-linux-gnu
Configured with: ../src/configure -v --with-pkgversion='Ubuntu/Linaro 4.6.1-9ubuntu3' --with-bugurl=file:///usr/share/doc/gcc-4.6/README.Bugs --enable-languages=c,c++,fortran,objc,obj-c++,go --prefix=/usr --program-suffix=-4.6 --enable-shared --enable-linker-build-id --with-system-zlib --libexecdir=/usr/lib --without-included-gettext --enable-threads=posix --with-gxx-include-dir=/usr/include/c++/4.6 --libdir=/usr/lib --enable-nls --with-sysroot=/ --enable-clocale=gnu --enable-libstdcxx-debug --enable-libstdcxx-time=yes --enable-plugin --enable-objc-gc --enable-targets=all --disable-werror --with-arch-32=i686 --with-tune=generic --enable-checking=release --build=i686-linux-gnu --host=i686-linux-gnu --target=i686-linux-gnu
Thread model: posix
gcc version 4.6.1 (Ubuntu/Linaro 4.6.1-9ubuntu3) 
configure:5472: $? = 0
configure:5461: g++ -V >&5
g++: error: unrecognized option '-V'
g++: fatal error: no input files
compilation terminated.
configure:5472: $? = 4
configure:5461: g++ -qversion >&5
g++: error: unrecognized option '-qversion'
g++: fatal error: no input files
compilation terminated.
configure:5472: $? = 4
configure:5476: checking whether we are using the GNU C++ compiler
configure:5495: g++ -c -g -O2  conftest.cpp >&5
configure:5495: $? = 0
configure:5504: result: yes
configure:5513: checking whether g++ accepts -g
configure:5533: g++ -c -g  conftest.cpp >&5
configure:5533: $? = 0
configure:5574: result: yes
configure:5599: checking dependency style of g++
configure:5709: result: none
configure:5724: checking for library containing strerror
configure:5755: gcc -o conftest -g -O2  -Wl,--as-needed conftest.c  >&5
configure:5755: $? = 0
configure:5772: result: none required
configure:5780: checking for ANSI C header files
configure:5884: result: yes
configure:5921: checking build system type
configure:5935: result: i686-pc-linux-gnu
configure:5955: checking host system type
configure:5968: result: i686-pc-linux-gnu
configure:5988: checking for a sed that does not truncate output
configure:6052: result: /bin/sed
configure:6070: checking for fgrep
configure:6132: result: /bin/grep -F
configure:6167: checking for ld used by gcc
configure:6234: result: /usr/bin/ld
configure:6241: checking if the linker (/usr/bin/ld) is GNU ld
configure:6256: result: yes
configure:6268: checking for BSD- or MS-compatible name lister (nm)
configure:6317: result: /usr/bin/nm -B
configure:6435: checking the name lister (/usr/bin/nm -B) interface
configure:6442: gcc -c -g -O2  conftest.c >&5
configure:6445: /usr/bin/nm -B "conftest.o"
configure:6448: output
00000000 B some_variable
configure:6455: result: BSD nm
configure:6458: checking whether ln -s works
configure:6462: result: yes
configure:6470: checking the maximum length of command line arguments
configure:6590: result: 805306365
configure:6607: checking whether the shell understands some XSI constructs
configure:6617: result: yes
configure:6621: checking whether the shell understands "+="
configure:6627: result: yes
configure:6662: checking for /usr/bin/ld option to reload object files
configure:6669: result: -r
configure:6696: checking how to recognize dependent libraries
configure:6886: result: pass_all
configure:6946: checking for ar
configure:6962: found /usr/bin/ar
configure:6973: result: ar
configure:7051: checking for strip
configure:7067: found /usr/bin/strip
configure:7078: result: strip
configure:7150: checking for ranlib
configure:7166: found /usr/bin/ranlib
configure:7177: result: ranlib
configure:7267: checking command to parse /usr/bin/nm -B output from gcc object
configure:7385: gcc -c -g -O2  conftest.c >&5
configure:7388: $? = 0
configure:7392: /usr/bin/nm -B conftest.o \| sed -n -e 's/^.*[	 ]\([ABCDGIRSTW][ABCDGIRSTW]*\)[	 ][	 ]*\([_A-Za-z][_A-Za-z0-9]*\)$/\1 \2 \2/p' \> conftest.nm
configure:7395: $? = 0
configure:7449: gcc -o conftest -g -O2  -Wl,--as-needed conftest.c conftstm.o >&5
configure:7452: $? = 0
configure:7490: result: ok
configure:8295: checking for dlfcn.h
configure:8295: gcc -c -g -O2  conftest.c >&5
configure:8295: $? = 0
configure:8295: result: yes
configure:8420: checking for C++ compiler version
configure:8429: g++ --version >&5
g++ (Ubuntu/Linaro 4.6.1-9ubuntu3) 4.6.1
Copyright (C) 2011 Free Software Foundation, Inc.
This is free software; see the source for copying conditions.  There is NO
warranty; not even for MERCHANTABILITY or FITNESS FOR A PARTICULAR PURPOSE.

configure:8440: $? = 0
configure:8429: g++ -v >&5
Using built-in specs.
COLLECT_GCC=g++
COLLECT_LTO_WRAPPER=/usr/lib/gcc/i686-linux-gnu/4.6.1/lto-wrapper
Target: i686-linux-gnu
Configured with: ../src/configure -v --with-pkgversion='Ubuntu/Linaro 4.6.1-9ubuntu3' --with-bugurl=file:///usr/share/doc/gcc-4.6/README.Bugs --enable-languages=c,c++,fortran,objc,obj-c++,go --prefix=/usr --program-suffix=-4.6 --enable-shared --enable-linker-build-id --with-system-zlib --libexecdir=/usr/lib --without-included-gettext --enable-threads=posix --with-gxx-include-dir=/usr/include/c++/4.6 --libdir=/usr/lib --enable-nls --with-sysroot=/ --enable-clocale=gnu --enable-libstdcxx-debug --enable-libstdcxx-time=yes --enable-plugin --enable-objc-gc --enable-targets=all --disable-werror --with-arch-32=i686 --with-tune=generic --enable-checking=release --build=i686-linux-gnu --host=i686-linux-gnu --target=i686-linux-gnu
Thread model: posix
gcc version 4.6.1 (Ubuntu/Linaro 4.6.1-9ubuntu3) 
configure:8440: $? = 0
configure:8429: g++ -V >&5
g++: error: unrecognized option '-V'
g++: fatal error: no input files
compilation terminated.
configure:8440: $? = 4
configure:8429: g++ -qversion >&5
g++: error: unrecognized option '-qversion'
g++: fatal error: no input files
compilation terminated.
configure:8440: $? = 4
configure:8444: checking whether we are using the GNU C++ compiler
configure:8472: result: yes
configure:8481: checking whether g++ accepts -g
configure:8542: result: yes
configure:8567: checking dependency style of g++
configure:8677: result: none
configure:8700: checking how to run the C++ preprocessor
configure:8727: g++ -E  conftest.cpp
configure:8727: $? = 0
configure:8741: g++ -E  conftest.cpp
conftest.cpp:28:28: fatal error: ac_nonexistent.h: No such file or directory
compilation terminated.
configure:8741: $? = 1
configure: failed program was:
| /* confdefs.h */
| #define PACKAGE_NAME "ibus-kmfl"
| #define PACKAGE_TARNAME "ibus-kmfl"
| #define PACKAGE_VERSION "1.0.5"
| #define PACKAGE_STRING "ibus-kmfl 1.0.5"
| #define PACKAGE_BUGREPORT "http://code.google.com/p/ibus/issues/entry"
| #define PACKAGE_URL ""
| #define PACKAGE "ibus-kmfl"
| #define VERSION "1.0.5"
| #define STDC_HEADERS 1
| #define HAVE_SYS_TYPES_H 1
| #define HAVE_SYS_STAT_H 1
| #define HAVE_STDLIB_H 1
| #define HAVE_STRING_H 1
| #define HAVE_MEMORY_H 1
| #define HAVE_STRINGS_H 1
| #define HAVE_INTTYPES_H 1
| #define HAVE_STDINT_H 1
| #define HAVE_UNISTD_H 1
| #define __EXTENSIONS__ 1
| #define _ALL_SOURCE 1
| #define _GNU_SOURCE 1
| #define _POSIX_PTHREAD_SEMANTICS 1
| #define _TANDEM_SOURCE 1
| #define STDC_HEADERS 1
| #define HAVE_DLFCN_H 1
| /* end confdefs.h.  */
| #include <ac_nonexistent.h>
configure:8766: result: g++ -E
configure:8786: g++ -E  conftest.cpp
configure:8786: $? = 0
configure:8800: g++ -E  conftest.cpp
conftest.cpp:28:28: fatal error: ac_nonexistent.h: No such file or directory
compilation terminated.
configure:8800: $? = 1
configure: failed program was:
| /* confdefs.h */
| #define PACKAGE_NAME "ibus-kmfl"
| #define PACKAGE_TARNAME "ibus-kmfl"
| #define PACKAGE_VERSION "1.0.5"
| #define PACKAGE_STRING "ibus-kmfl 1.0.5"
| #define PACKAGE_BUGREPORT "http://code.google.com/p/ibus/issues/entry"
| #define PACKAGE_URL ""
| #define PACKAGE "ibus-kmfl"
| #define VERSION "1.0.5"
| #define STDC_HEADERS 1
| #define HAVE_SYS_TYPES_H 1
| #define HAVE_SYS_STAT_H 1
| #define HAVE_STDLIB_H 1
| #define HAVE_STRING_H 1
| #define HAVE_MEMORY_H 1
| #define HAVE_STRINGS_H 1
| #define HAVE_INTTYPES_H 1
| #define HAVE_STDINT_H 1
| #define HAVE_UNISTD_H 1
| #define __EXTENSIONS__ 1
| #define _ALL_SOURCE 1
| #define _GNU_SOURCE 1
| #define _POSIX_PTHREAD_SEMANTICS 1
| #define _TANDEM_SOURCE 1
| #define STDC_HEADERS 1
| #define HAVE_DLFCN_H 1
| /* end confdefs.h.  */
| #include <ac_nonexistent.h>
configure:8976: checking for objdir
configure:8991: result: .libs
configure:9287: checking if gcc supports -fno-rtti -fno-exceptions
configure:9305: gcc -c -g -O2  -fno-rtti -fno-exceptions conftest.c >&5
cc1: warning: command line option '-fno-rtti' is valid for C++/ObjC++ but not for C [enabled by default]
configure:9309: $? = 0
configure:9322: result: no
configure:9342: checking for gcc option to produce PIC
configure:9599: result: -fPIC -DPIC
configure:9611: checking if gcc PIC flag -fPIC -DPIC works
configure:9629: gcc -c -g -O2  -fPIC -DPIC -DPIC conftest.c >&5
configure:9633: $? = 0
configure:9646: result: yes
configure:9670: checking if gcc static flag -static works
configure:9698: result: yes
configure:9713: checking if gcc supports -c -o file.o
configure:9734: gcc -c -g -O2  -o out/conftest2.o conftest.c >&5
configure:9738: $? = 0
configure:9760: result: yes
configure:9768: checking if gcc supports -c -o file.o
configure:9815: result: yes
configure:9848: checking whether the gcc linker (/usr/bin/ld) supports shared libraries
configure:10826: result: yes
configure:10863: checking whether -lc should be explicitly linked in
configure:10868: gcc -c -g -O2  conftest.c >&5
configure:10871: $? = 0
configure:10886: gcc -shared conftest.o  -v -Wl,-soname -Wl,conftest -o conftest 2\>\&1 \| /bin/grep  -lc  \>/dev/null 2\>\&1
configure:10889: $? = 0
configure:10901: result: no
configure:11065: checking dynamic linker characteristics
configure:11498: gcc -o conftest -g -O2  -Wl,--as-needed -Wl,-rpath -Wl,/foo conftest.c  >&5
configure:11498: $? = 0
configure:11716: result: GNU/Linux ld.so
configure:11818: checking how to hardcode library paths into programs
configure:11843: result: immediate
configure:12371: checking whether stripping libraries is possible
configure:12376: result: yes
configure:12411: checking if libtool supports shared libraries
configure:12413: result: yes
configure:12416: checking whether to build shared libraries
configure:12437: result: yes
configure:12440: checking whether to build static libraries
configure:12444: result: no
configure:12594: checking for ld used by g++
configure:12661: result: /usr/bin/ld
configure:12668: checking if the linker (/usr/bin/ld) is GNU ld
configure:12683: result: yes
configure:12738: checking whether the g++ linker (/usr/bin/ld) supports shared libraries
configure:13646: result: yes
configure:13674: g++ -c -g -O2  conftest.cpp >&5
configure:13677: $? = 0
configure:13859: checking for g++ option to produce PIC
configure:14168: result: -fPIC -DPIC
configure:14177: checking if g++ PIC flag -fPIC -DPIC works
configure:14195: g++ -c -g -O2  -fPIC -DPIC -DPIC conftest.cpp >&5
configure:14199: $? = 0
configure:14212: result: yes
configure:14233: checking if g++ static flag -static works
configure:14261: result: yes
configure:14273: checking if g++ supports -c -o file.o
configure:14294: g++ -c -g -O2  -o out/conftest2.o conftest.cpp >&5
configure:14298: $? = 0
configure:14320: result: yes
configure:14325: checking if g++ supports -c -o file.o
configure:14372: result: yes
configure:14402: checking whether the g++ linker (/usr/bin/ld) supports shared libraries
configure:14428: result: yes
configure:14565: checking dynamic linker characteristics
configure:14946: g++ -o conftest -g -O2  -Wl,--as-needed -Wl,-rpath -Wl,/foo conftest.cpp  >&5
configure:14946: $? = 0
configure:15164: result: GNU/Linux ld.so
configure:15215: checking how to hardcode library paths into programs
configure:15240: result: immediate
configure:15353: checking for pkg-config
configure:15371: found /usr/bin/pkg-config
configure:15383: result: /usr/bin/pkg-config
configure:15408: checking pkg-config is at least version 0.9.0
configure:15411: result: yes
configure:15421: checking for IBUS
configure:15430: $PKG_CONFIG --exists --print-errors "
    ibus-1.0 >= 1.2.0
"
configure:15435: $? = 0
configure:15452: $PKG_CONFIG --exists --print-errors "
    ibus-1.0 >= 1.2.0
"
configure:15457: $? = 0
configure:15522: result: yes
configure:15532: checking for env
configure:15550: found /usr/bin/env
configure:15562: result: /usr/bin/env
configure:15582: checking whether NLS is requested
configure:15591: result: yes
configure:15629: checking for msgfmt
configure: trying /usr/bin/msgfmt...
0 translated messages.
configure:15661: result: /usr/bin/msgfmt
configure:15670: checking for gmsgfmt
configure:15701: result: /usr/bin/msgfmt
configure:15752: checking for xgettext
configure: trying /usr/bin/xgettext...
/usr/bin/xgettext: warning: file `/dev/null' extension `' is unknown; will try C
configure:15784: result: /usr/bin/xgettext
configure:15830: checking for msgmerge
configure: trying /usr/bin/msgmerge...
configure:15861: result: /usr/bin/msgmerge
configure:15915: checking for ld used by GCC
configure:15979: result: /usr/bin/ld
configure:15986: checking if the linker (/usr/bin/ld) is GNU ld
configure:15999: result: yes
configure:16006: checking for shared library run path origin
configure:16019: result: done
configure:16476: checking for CFPreferencesCopyAppValue
configure:16494: gcc -o conftest -g -O2  -Wl,--as-needed conftest.c  -Wl,-framework -Wl,CoreFoundation >&5
conftest.c:30:42: fatal error: CoreFoundation/CFPreferences.h: No such file or directory
compilation terminated.
configure:16494: $? = 1
configure: failed program was:
| /* confdefs.h */
| #define PACKAGE_NAME "ibus-kmfl"
| #define PACKAGE_TARNAME "ibus-kmfl"
| #define PACKAGE_VERSION "1.0.5"
| #define PACKAGE_STRING "ibus-kmfl 1.0.5"
| #define PACKAGE_BUGREPORT "http://code.google.com/p/ibus/issues/entry"
| #define PACKAGE_URL ""
| #define PACKAGE "ibus-kmfl"
| #define VERSION "1.0.5"
| #define STDC_HEADERS 1
| #define HAVE_SYS_TYPES_H 1
| #define HAVE_SYS_STAT_H 1
| #define HAVE_STDLIB_H 1
| #define HAVE_STRING_H 1
| #define HAVE_MEMORY_H 1
| #define HAVE_STRINGS_H 1
| #define HAVE_INTTYPES_H 1
| #define HAVE_STDINT_H 1
| #define HAVE_UNISTD_H 1
| #define __EXTENSIONS__ 1
| #define _ALL_SOURCE 1
| #define _GNU_SOURCE 1
| #define _POSIX_PTHREAD_SEMANTICS 1
| #define _TANDEM_SOURCE 1
| #define STDC_HEADERS 1
| #define HAVE_DLFCN_H 1
| #define LT_OBJDIR ".libs/"
| #define GETTEXT_PACKAGE "ibus-kmfl"
| /* end confdefs.h.  */
| #include <CoreFoundation/CFPreferences.h>
| int
| main ()
| {
| CFPreferencesCopyAppValue(NULL, NULL)
|   ;
|   return 0;
| }
configure:16503: result: no
configure:16510: checking for CFLocaleCopyCurrent
configure:16528: gcc -o conftest -g -O2  -Wl,--as-needed conftest.c  -Wl,-framework -Wl,CoreFoundation >&5
conftest.c:30:37: fatal error: CoreFoundation/CFLocale.h: No such file or directory
compilation terminated.
configure:16528: $? = 1
configure: failed program was:
| /* confdefs.h */
| #define PACKAGE_NAME "ibus-kmfl"
| #define PACKAGE_TARNAME "ibus-kmfl"
| #define PACKAGE_VERSION "1.0.5"
| #define PACKAGE_STRING "ibus-kmfl 1.0.5"
| #define PACKAGE_BUGREPORT "http://code.google.com/p/ibus/issues/entry"
| #define PACKAGE_URL ""
| #define PACKAGE "ibus-kmfl"
| #define VERSION "1.0.5"
| #define STDC_HEADERS 1
| #define HAVE_SYS_TYPES_H 1
| #define HAVE_SYS_STAT_H 1
| #define HAVE_STDLIB_H 1
| #define HAVE_STRING_H 1
| #define HAVE_MEMORY_H 1
| #define HAVE_STRINGS_H 1
| #define HAVE_INTTYPES_H 1
| #define HAVE_STDINT_H 1
| #define HAVE_UNISTD_H 1
| #define __EXTENSIONS__ 1
| #define _ALL_SOURCE 1
| #define _GNU_SOURCE 1
| #define _POSIX_PTHREAD_SEMANTICS 1
| #define _TANDEM_SOURCE 1
| #define STDC_HEADERS 1
| #define HAVE_DLFCN_H 1
| #define LT_OBJDIR ".libs/"
| #define GETTEXT_PACKAGE "ibus-kmfl"
| /* end confdefs.h.  */
| #include <CoreFoundation/CFLocale.h>
| int
| main ()
| {
| CFLocaleCopyCurrent();
|   ;
|   return 0;
| }
configure:16537: result: no
configure:16586: checking for GNU gettext in libc
configure:16606: gcc -o conftest -g -O2  -Wl,--as-needed conftest.c  >&5
configure:16606: $? = 0
configure:16615: result: yes
configure:17221: checking whether to use NLS
configure:17223: result: yes
configure:17226: checking where the gettext function comes from
configure:17237: result: libc
configure:17436: creating ./config.status

## ---------------------- ##
## Running config.status. ##
## ---------------------- ##

This file was extended by ibus-kmfl config.status 1.0.5, which was
generated by GNU Autoconf 2.67.  Invocation command line was

  CONFIG_FILES    = 
  CONFIG_HEADERS  = 
  CONFIG_LINKS    = 
  CONFIG_COMMANDS = 
  $ ./config.status 

on oneiric

config.status:1177: creating po/Makefile.in
config.status:1177: creating Makefile
config.status:1177: creating ibus-kmfl.spec
config.status:1177: creating src/Makefile
config.status:1177: creating src/kmfl.xml.in
config.status:1177: creating icons/Makefile
config.status:1177: creating m4/Makefile
config.status:1177: creating config.h
config.status:1405: executing depfiles commands
config.status:1405: executing libtool commands
config.status:1405: executing po-directories commands

## ---------------- ##
## Cache variables. ##
## ---------------- ##

ac_cv_build=i686-pc-linux-gnu
ac_cv_c_compiler_gnu=yes
ac_cv_cxx_compiler_gnu=yes
ac_cv_env_CCC_set=
ac_cv_env_CCC_value=
ac_cv_env_CC_set=
ac_cv_env_CC_value=
ac_cv_env_CFLAGS_set=set
ac_cv_env_CFLAGS_value='-g -O2'
ac_cv_env_CPPFLAGS_set=set
ac_cv_env_CPPFLAGS_value=
ac_cv_env_CPP_set=
ac_cv_env_CPP_value=
ac_cv_env_CXXCPP_set=
ac_cv_env_CXXCPP_value=
ac_cv_env_CXXFLAGS_set=set
ac_cv_env_CXXFLAGS_value='-g -O2'
ac_cv_env_CXX_set=
ac_cv_env_CXX_value=
ac_cv_env_IBUS_CFLAGS_set=
ac_cv_env_IBUS_CFLAGS_value=
ac_cv_env_IBUS_LIBS_set=
ac_cv_env_IBUS_LIBS_value=
ac_cv_env_LDFLAGS_set=set
ac_cv_env_LDFLAGS_value=-Wl,--as-needed
ac_cv_env_LIBS_set=
ac_cv_env_LIBS_value=
ac_cv_env_PKG_CONFIG_LIBDIR_set=
ac_cv_env_PKG_CONFIG_LIBDIR_value=
ac_cv_env_PKG_CONFIG_PATH_set=
ac_cv_env_PKG_CONFIG_PATH_value=
ac_cv_env_PKG_CONFIG_set=
ac_cv_env_PKG_CONFIG_value=
ac_cv_env_build_alias_set=set
ac_cv_env_build_alias_value=i686-linux-gnu
ac_cv_env_host_alias_set=
ac_cv_env_host_alias_value=
ac_cv_env_target_alias_set=
ac_cv_env_target_alias_value=
ac_cv_header_dlfcn_h=yes
ac_cv_header_inttypes_h=yes
ac_cv_header_memory_h=yes
ac_cv_header_minix_config_h=no
ac_cv_header_stdc=yes
ac_cv_header_stdint_h=yes
ac_cv_header_stdlib_h=yes
ac_cv_header_string_h=yes
ac_cv_header_strings_h=yes
ac_cv_header_sys_stat_h=yes
ac_cv_header_sys_types_h=yes
ac_cv_header_unistd_h=yes
ac_cv_host=i686-pc-linux-gnu
ac_cv_objext=o
ac_cv_path_EGREP='/bin/grep -E'
ac_cv_path_ENV=/usr/bin/env
ac_cv_path_FGREP='/bin/grep -F'
ac_cv_path_GMSGFMT=/usr/bin/msgfmt
ac_cv_path_GREP=/bin/grep
ac_cv_path_MSGFMT=/usr/bin/msgfmt
ac_cv_path_MSGMERGE=/usr/bin/msgmerge
ac_cv_path_SED=/bin/sed
ac_cv_path_XGETTEXT=/usr/bin/xgettext
ac_cv_path_ac_pt_PKG_CONFIG=/usr/bin/pkg-config
ac_cv_path_install='/usr/bin/install -c'
ac_cv_path_mkdir=/bin/mkdir
ac_cv_prog_AWK=mawk
ac_cv_prog_CPP='gcc -E'
ac_cv_prog_CXXCPP='g++ -E'
ac_cv_prog_ac_ct_AR=ar
ac_cv_prog_ac_ct_CC=gcc
ac_cv_prog_ac_ct_CXX=g++
ac_cv_prog_ac_ct_RANLIB=ranlib
ac_cv_prog_ac_ct_STRIP=strip
ac_cv_prog_cc_c89=
ac_cv_prog_cc_g=yes
ac_cv_prog_cc_gcc_c_o=yes
ac_cv_prog_cxx_g=yes
ac_cv_prog_make_make_set=yes
ac_cv_safe_to_define___extensions__=yes
ac_cv_search_strerror='none required'
acl_cv_hardcode_direct=no
acl_cv_hardcode_libdir_flag_spec='${wl}-rpath ${wl}$libdir'
acl_cv_hardcode_libdir_separator=
acl_cv_hardcode_minus_L=no
acl_cv_libext=a
acl_cv_path_LD=/usr/bin/ld
acl_cv_prog_gnu_ld=yes
acl_cv_rpath=done
acl_cv_shlibext=so
acl_cv_wl=-Wl,
am_cv_CC_dependencies_compiler_type=none
am_cv_CXX_dependencies_compiler_type=none
gt_cv_func_CFLocaleCopyCurrent=no
gt_cv_func_CFPreferencesCopyAppValue=no
gt_cv_func_gnugettext1_libc=yes
lt_cv_deplibs_check_method=pass_all
lt_cv_file_magic_cmd='$MAGIC_CMD'
lt_cv_file_magic_test_file=
lt_cv_ld_reload_flag=-r
lt_cv_nm_interface='BSD nm'
lt_cv_objdir=.libs
lt_cv_path_LD=/usr/bin/ld
lt_cv_path_LDCXX=/usr/bin/ld
lt_cv_path_NM='/usr/bin/nm -B'
lt_cv_prog_compiler_c_o=yes
lt_cv_prog_compiler_c_o_CXX=yes
lt_cv_prog_compiler_pic_works=yes
lt_cv_prog_compiler_pic_works_CXX=yes
lt_cv_prog_compiler_rtti_exceptions=no
lt_cv_prog_compiler_static_works=yes
lt_cv_prog_compiler_static_works_CXX=yes
lt_cv_prog_gnu_ld=yes
lt_cv_prog_gnu_ldcxx=yes
lt_cv_sys_global_symbol_pipe='sed -n -e '\''s/^.*[	 ]\([ABCDGIRSTW][ABCDGIRSTW]*\)[	 ][	 ]*\([_A-Za-z][_A-Za-z0-9]*\)$/\1 \2 \2/p'\'''
lt_cv_sys_global_symbol_to_c_name_address='sed -n -e '\''s/^: \([^ ]*\) $/  {\"\1\", (void *) 0},/p'\'' -e '\''s/^[ABCDGIRSTW]* \([^ ]*\) \([^ ]*\)$/  {"\2", (void *) \&\2},/p'\'''
lt_cv_sys_global_symbol_to_c_name_address_lib_prefix='sed -n -e '\''s/^: \([^ ]*\) $/  {\"\1\", (void *) 0},/p'\'' -e '\''s/^[ABCDGIRSTW]* \([^ ]*\) \(lib[^ ]*\)$/  {"\2", (void *) \&\2},/p'\'' -e '\''s/^[ABCDGIRSTW]* \([^ ]*\) \([^ ]*\)$/  {"lib\2", (void *) \&\2},/p'\'''
lt_cv_sys_global_symbol_to_cdecl='sed -n -e '\''s/^T .* \(.*\)$/extern int \1();/p'\'' -e '\''s/^[ABCDGIRSTW]* .* \(.*\)$/extern char \1;/p'\'''
lt_cv_sys_max_cmd_len=805306365
pkg_cv_IBUS_CFLAGS='-pthread -I/usr/include/glib-2.0 -I/usr/lib/i386-linux-gnu/glib-2.0/include -I/usr/include/ibus-1.0  '
pkg_cv_IBUS_LIBS='-pthread -libus-1.0 -lgio-2.0 -lgobject-2.0 -lgmodule-2.0 -lgthread-2.0 -lrt -lglib-2.0  '

## ----------------- ##
## Output variables. ##
## ----------------- ##

ACLOCAL='${SHELL} /home/doug/Projects/kmfl-ibus/ibus-kmfl-1.0.5/missing --run aclocal-1.11'
AMDEPBACKSLASH=''
AMDEP_FALSE=''
AMDEP_TRUE='#'
AMTAR='${SHELL} /home/doug/Projects/kmfl-ibus/ibus-kmfl-1.0.5/missing --run tar'
AR='ar'
AUTOCONF='${SHELL} /home/doug/Projects/kmfl-ibus/ibus-kmfl-1.0.5/missing --run autoconf'
AUTOHEADER='${SHELL} /home/doug/Projects/kmfl-ibus/ibus-kmfl-1.0.5/missing --run autoheader'
AUTOMAKE='${SHELL} /home/doug/Projects/kmfl-ibus/ibus-kmfl-1.0.5/missing --run automake-1.11'
AWK='mawk'
CC='gcc'
CCDEPMODE='depmode=none'
CFLAGS='-g -O2'
CPP='gcc -E'
CPPFLAGS=''
CXX='g++'
CXXCPP='g++ -E'
CXXDEPMODE='depmode=none'
CXXFLAGS='-g -O2'
CYGPATH_W='echo'
DEFS='-DHAVE_CONFIG_H'
DEPDIR='.deps'
DSYMUTIL=''
DUMPBIN=''
ECHO_C=''
ECHO_N='-n'
ECHO_T=''
EGREP='/bin/grep -E'
ENV='/usr/bin/env'
EXEEXT=''
FGREP='/bin/grep -F'
GETTEXT_PACKAGE='ibus-kmfl'
GMSGFMT='/usr/bin/msgfmt'
GMSGFMT_015='/usr/bin/msgfmt'
GREP='/bin/grep'
IBUS_CFLAGS='-pthread -I/usr/include/glib-2.0 -I/usr/lib/i386-linux-gnu/glib-2.0/include -I/usr/include/ibus-1.0  '
IBUS_LIBS='-pthread -libus-1.0 -lgio-2.0 -lgobject-2.0 -lgmodule-2.0 -lgthread-2.0 -lrt -lglib-2.0  '
INSTALL_DATA='${INSTALL} -m 644'
INSTALL_PROGRAM='${INSTALL}'
INSTALL_SCRIPT='${INSTALL}'
INSTALL_STRIP_PROGRAM='$(install_sh) -c -s'
INTLLIBS=''
INTL_MACOSX_LIBS=''
LD='/usr/bin/ld'
LDFLAGS='-Wl,--as-needed'
LIBICONV='-liconv'
LIBINTL=''
LIBOBJS=''
LIBS=''
LIBTOOL='$(SHELL) $(top_builddir)/libtool'
LIPO=''
LN_S='ln -s'
LTLIBICONV='-liconv'
LTLIBINTL=''
LTLIBOBJS=''
MAINT='#'
MAINTAINER_MODE_FALSE=''
MAINTAINER_MODE_TRUE='#'
MAKEINFO='${SHELL} /home/doug/Projects/kmfl-ibus/ibus-kmfl-1.0.5/missing --run makeinfo'
MKDIR_P='/bin/mkdir -p'
MSGFMT='/usr/bin/msgfmt'
MSGFMT_015='/usr/bin/msgfmt'
MSGMERGE='/usr/bin/msgmerge'
NM='/usr/bin/nm -B'
NMEDIT=''
OBJEXT='o'
OTOOL64=''
OTOOL=''
PACKAGE='ibus-kmfl'
PACKAGE_BUGREPORT='http://code.google.com/p/ibus/issues/entry'
PACKAGE_NAME='ibus-kmfl'
PACKAGE_STRING='ibus-kmfl 1.0.5'
PACKAGE_TARNAME='ibus-kmfl'
PACKAGE_URL=''
PACKAGE_VERSION='1.0.5'
PATH_SEPARATOR=':'
PKG_CONFIG='/usr/bin/pkg-config'
PKG_CONFIG_LIBDIR=''
PKG_CONFIG_PATH=''
POSUB='po'
RANLIB='ranlib'
SED='/bin/sed'
SET_MAKE=''
SHELL='/bin/bash'
STRIP='strip'
USE_NLS='yes'
VERSION='1.0.5'
XGETTEXT='/usr/bin/xgettext'
XGETTEXT_015='/usr/bin/xgettext'
ac_ct_CC='gcc'
ac_ct_CXX='g++'
ac_ct_DUMPBIN=''
am__EXEEXT_FALSE=''
am__EXEEXT_TRUE='#'
am__fastdepCC_FALSE=''
am__fastdepCC_TRUE='#'
am__fastdepCXX_FALSE=''
am__fastdepCXX_TRUE='#'
am__include='include'
am__isrc=''
am__leading_dot='.'
am__quote=''
am__tar='${AMTAR} chof - "$$tardir"'
am__untar='${AMTAR} xf -'
bindir='${exec_prefix}/bin'
build='i686-pc-linux-gnu'
build_alias='i686-linux-gnu'
build_cpu='i686'
build_os='linux-gnu'
build_vendor='pc'
datadir='${datarootdir}'
datarootdir='${prefix}/share'
docdir='${datarootdir}/doc/${PACKAGE_TARNAME}'
dvidir='${docdir}'
exec_prefix='${prefix}'
host='i686-pc-linux-gnu'
host_alias=''
host_cpu='i686'
host_os='linux-gnu'
host_vendor='pc'
htmldir='${docdir}'
includedir='${prefix}/include'
infodir='${prefix}/share/info'
install_sh='${SHELL} /home/doug/Projects/kmfl-ibus/ibus-kmfl-1.0.5/install-sh'
libdir='${exec_prefix}/lib'
libexecdir='${prefix}/lib/ibus-kmfl'
localedir='${datarootdir}/locale'
localstatedir='/var'
lt_ECHO='echo'
mandir='${prefix}/share/man'
mkdir_p='/bin/mkdir -p'
oldincludedir='/usr/include'
pdfdir='${docdir}'
prefix='/usr'
program_transform_name='s,x,x,'
psdir='${docdir}'
sbindir='${exec_prefix}/sbin'
sharedstatedir='${prefix}/com'
sysconfdir='/etc'
target_alias=''

## ----------- ##
## confdefs.h. ##
## ----------- ##

/* confdefs.h */
#define PACKAGE_NAME "ibus-kmfl"
#define PACKAGE_TARNAME "ibus-kmfl"
#define PACKAGE_VERSION "1.0.5"
#define PACKAGE_STRING "ibus-kmfl 1.0.5"
#define PACKAGE_BUGREPORT "http://code.google.com/p/ibus/issues/entry"
#define PACKAGE_URL ""
#define PACKAGE "ibus-kmfl"
#define VERSION "1.0.5"
#define STDC_HEADERS 1
#define HAVE_SYS_TYPES_H 1
#define HAVE_SYS_STAT_H 1
#define HAVE_STDLIB_H 1
#define HAVE_STRING_H 1
#define HAVE_MEMORY_H 1
#define HAVE_STRINGS_H 1
#define HAVE_INTTYPES_H 1
#define HAVE_STDINT_H 1
#define HAVE_UNISTD_H 1
#define __EXTENSIONS__ 1
#define _ALL_SOURCE 1
#define _GNU_SOURCE 1
#define _POSIX_PTHREAD_SEMANTICS 1
#define _TANDEM_SOURCE 1
#define STDC_HEADERS 1
#define HAVE_DLFCN_H 1
#define LT_OBJDIR ".libs/"
#define GETTEXT_PACKAGE "ibus-kmfl"
#define ENABLE_NLS 1
#define HAVE_GETTEXT 1
#define HAVE_DCGETTEXT 1

configure: exit 0
